#
# There is insufficient memory for the Java Runtime Environment to continue.
# Native memory allocation (malloc) failed to allocate 1048576 bytes for AllocateHeap
# Possible reasons:
#   The system is out of physical RAM or swap space
#   In 32 bit mode, the process size limit was hit
# Possible solutions:
#   Reduce memory load on the system
#   Increase physical memory or swap space
#   Check if swap backing store is full
#   Use 64 bit Java on a 64 bit OS
#   Decrease Java heap size (-Xmx/-Xms)
#   Decrease number of Java threads
#   Decrease Java thread stack sizes (-Xss)
#   Set larger code cache with -XX:ReservedCodeCacheSize=
# This output file may be truncated or incomplete.
#
#  Out of Memory Error (memory/allocation.inline.hpp:61), pid=2868, tid=0x00000000000041e8
#
# JRE version:  (8.0_141-b32) (build )
# Java VM: Java HotSpot(TM) 64-Bit Server VM (25.141-b32 mixed mode windows-amd64 compressed oops)
# Failed to write core dump. Minidumps are not enabled by default on client versions of Windows
#

---------------  T H R E A D  ---------------

Current thread (0x0000000004e22800):  JavaThread "Unknown thread" [_thread_in_vm, id=16872, stack(0x0000000004d20000,0x0000000004e20000)]

Stack: [0x0000000004d20000,0x0000000004e20000]
[error occurred during error reporting (printing stack bounds), id 0xc0000005]

Native frames: (J=compiled Java code, j=interpreted, Vv=VM code, C=native code)


---------------  P R O C E S S  ---------------

Java Threads: ( => current thread )

Other Threads:

=>0x0000000004e22800 (exited) JavaThread "Unknown thread" [_thread_in_vm, id=16872, stack(0x0000000004d20000,0x0000000004e20000)]

VM state:not at safepoint (normal execution)

VM Mutex/Monitor currently owned by a thread: None

Heap:
 PSYoungGen      total 38400K, used 665K [0x00000000d5700000, 0x00000000d8180000, 0x0000000100000000)
  eden space 33280K, 2% used [0x00000000d5700000,0x00000000d57a6670,0x00000000d7780000)
  from space 5120K, 0% used [0x00000000d7c80000,0x00000000d7c80000,0x00000000d8180000)
  to   space 5120K, 0% used [0x00000000d7780000,0x00000000d7780000,0x00000000d7c80000)
 ParOldGen       total 87552K, used 0K [0x0000000080400000, 0x0000000085980000, 0x00000000d5700000)
  object space 87552K, 0% used [0x0000000080400000,0x0000000080400000,0x0000000085980000)
 Metaspace       used 770K, capacity 4480K, committed 4480K, reserved 1056768K
  class space    used 75K, capacity 384K, committed 384K, reserved 1048576K

Card table byte_map: [0x00000000142e0000,0x00000000146e0000] byte_map_base: 0x0000000013ede000

Marking Bits: (ParMarkBitMap*) 0x000000006a11e850
 Begin Bits: [0x0000000015190000, 0x0000000017180000)
 End Bits:   [0x0000000017180000, 0x0000000019170000)

Polling page: 0x00000000034e0000

CodeCache: size=245760Kb used=328Kb max_used=328Kb free=245431Kb
 bounds [0x0000000004f20000, 0x0000000005190000, 0x0000000013f20000]
 total_blobs=58 nmethods=0 adapters=38
 compilation: enabled

Compilation events (0 events):
No events

GC Heap History (0 events):
No events

Deoptimization events (0 events):
No events

Internal exceptions (0 events):
No events

Events (10 events):
Event: 0.023 loading class java/lang/Short
Event: 0.023 loading class java/lang/Short done
Event: 0.023 loading class java/lang/Integer
Event: 0.023 loading class java/lang/Integer done
Event: 0.023 loading class java/lang/Long
Event: 0.023 loading class java/lang/Long done
Event: 0.024 loading class java/lang/NullPointerException
Event: 0.024 loading class java/lang/NullPointerException done
Event: 0.024 loading class java/lang/ArithmeticException
Event: 0.024 loading class java/lang/ArithmeticException done


Dynamic libraries:
0x00007ff673670000 - 0x00007ff6736a7000 	C:\Program Files (x86)\Java\jdk1.8.0_141\bin\java.exe
0x00007ffb9f650000 - 0x00007ffb9f830000 	C:\WINDOWS\SYSTEM32\ntdll.dll
0x00007ffb9d0e0000 - 0x00007ffb9d18e000 	C:\WINDOWS\System32\KERNEL32.DLL
0x00007ffb9bcf0000 - 0x00007ffb9bf56000 	C:\WINDOWS\System32\KERNELBASE.dll
0x00007ffb9dad0000 - 0x00007ffb9db71000 	C:\WINDOWS\System32\ADVAPI32.dll
0x00007ffb9d650000 - 0x00007ffb9d6ed000 	C:\WINDOWS\System32\msvcrt.dll
0x00007ffb9e030000 - 0x00007ffb9e08b000 	C:\WINDOWS\System32\sechost.dll
0x00007ffb9cfc0000 - 0x00007ffb9d0df000 	C:\WINDOWS\System32\RPCRT4.dll
0x00007ffb9d710000 - 0x00007ffb9d89f000 	C:\WINDOWS\System32\USER32.dll
0x00007ffb9bb80000 - 0x00007ffb9bba0000 	C:\WINDOWS\System32\win32u.dll
0x00007ffb9cb20000 - 0x00007ffb9cb48000 	C:\WINDOWS\System32\GDI32.dll
0x00007ffb9c7b0000 - 0x00007ffb9c943000 	C:\WINDOWS\System32\gdi32full.dll
0x00007ffb9bc00000 - 0x00007ffb9bc9b000 	C:\WINDOWS\System32\msvcp_win.dll
0x00007ffb9bf60000 - 0x00007ffb9c056000 	C:\WINDOWS\System32\ucrtbase.dll
0x00007ffb92e60000 - 0x00007ffb930c9000 	C:\WINDOWS\WinSxS\amd64_microsoft.windows.common-controls_6595b64144ccf1df_6.0.16299.309_none_15cfd4c4935e6b11\COMCTL32.dll
0x00007ffb9d1f0000 - 0x00007ffb9d4f8000 	C:\WINDOWS\System32\combase.dll
0x00007ffb9ba50000 - 0x00007ffb9bac2000 	C:\WINDOWS\System32\bcryptPrimitives.dll
0x00007ffb9ccd0000 - 0x00007ffb9ccfd000 	C:\WINDOWS\System32\IMM32.DLL
0x000000006a1a0000 - 0x000000006a272000 	C:\Program Files (x86)\Java\jdk1.8.0_141\jre\bin\msvcr100.dll
0x0000000069900000 - 0x000000006a19e000 	C:\Program Files (x86)\Java\jdk1.8.0_141\jre\bin\server\jvm.dll
0x00007ffb9da20000 - 0x00007ffb9da28000 	C:\WINDOWS\System32\PSAPI.DLL
0x00007ffb99e10000 - 0x00007ffb99e19000 	C:\WINDOWS\SYSTEM32\WSOCK32.dll
0x00007ffb99d90000 - 0x00007ffb99db3000 	C:\WINDOWS\SYSTEM32\WINMM.dll
0x00007ffb96490000 - 0x00007ffb9649a000 	C:\WINDOWS\SYSTEM32\VERSION.dll
0x00007ffb9cd00000 - 0x00007ffb9cd6c000 	C:\WINDOWS\System32\WS2_32.dll
0x00007ffb99d30000 - 0x00007ffb99d5a000 	C:\WINDOWS\SYSTEM32\winmmbase.dll
0x00007ffb9bca0000 - 0x00007ffb9bcea000 	C:\WINDOWS\System32\cfgmgr32.dll
0x00000000698f0000 - 0x00000000698ff000 	C:\Program Files (x86)\Java\jdk1.8.0_141\jre\bin\verify.dll
0x00000000698c0000 - 0x00000000698e9000 	C:\Program Files (x86)\Java\jdk1.8.0_141\jre\bin\java.dll
0x00000000698a0000 - 0x00000000698b6000 	C:\Program Files (x86)\Java\jdk1.8.0_141\jre\bin\zip.dll

VM Arguments:
java_command: <unknown>
java_class_path (initial): .
Launcher Type: SUN_STANDARD

Environment Variables:
JAVA_HOME=D:\WORK\Java\jdk1.7.0_25
PATH=C:\Program Files (x86)\Java\jdk1.8.0_141\bin;C:\Program Files\Microsoft MPI\Bin\;C:\Program Files\NVIDIA GPU Computing Toolkit\CUDA\v9.0\bin;C:\Program Files\NVIDIA GPU Computing Toolkit\CUDA\v9.0\libnvvp;C:\ProgramData\Oracle\Java\javapath;C:\Windows\system32;C:\Windows;C:\Windows\System32\Wbem;C:\Windows\System32\WindowsPowerShell\v1.0\;C:\Users\masterpc\.dnx\bin;C:\Program Files\Microsoft DNX\Dnvm\;C:\Program Files\Microsoft SQL Server\120\Tools\Binn\;C:\Program Files (x86)\nodejs\;C:\Program Files (x86)\OpenVPN\bin;C:\WINDOWS\system32;C:\WINDOWS;C:\WINDOWS\System32\Wbem;C:\WINDOWS\System32\WindowsPowerShell\v1.0\;C:\Program Files (x86)\NVIDIA Corporation\PhysX\Common;C:\Program Files (x86)\Skype\Phone\;C:\Program Files (x86)\GtkSharp\2.12\bin;C:\Program Files\Microsoft SQL Server\130\Tools\Binn\;C:\Program Files\dotnet\;C:\MinGW\bin;C:\WINDOWS\system32;C:\WINDOWS;C:\WINDOWS\System32\Wbem;C:\WINDOWS\System32\WindowsPowerShell\v1.0\;C:\Program Files (x86)\Common Files\Acronis\SnapAPI\;C:\Program Files\Git\cmd;C:\MinGW\bin;%USERPROFILE%\AppData\Local\Microsoft\WindowsApps;
USERNAME=masterpc
OS=Windows_NT
PROCESSOR_IDENTIFIER=Intel64 Family 6 Model 58 Stepping 9, GenuineIntel



---------------  S Y S T E M  ---------------

OS: Windows 10.0 , 64 bit Build 16299 (10.0.16299.15)

CPU:total 8 (initial active 8) (4 cores per cpu, 2 threads per core) family 6 model 58 stepping 9, cmov, cx8, fxsr, mmx, sse, sse2, sse3, ssse3, sse4.1, sse4.2, popcnt, avx, aes, clmul, erms, ht, tsc, tscinvbit, tscinv

Memory: 4k page, physical 8370464k(1245000k free), swap 16460532k(5324k free)

vm_info: Java HotSpot(TM) 64-Bit Server VM (25.141-b32) for windows-amd64 JRE (1.8.0_141-b32), built on Jul 13 2017 11:20:39 by "java_re" with MS VC++ 10.0 (VS2010)

time: Sat Mar 24 02:48:22 2018
elapsed time: 0 seconds (0d 0h 0m 0s)

